{
  error: ReferenceError: loginValidator is not defined
      at file:///home/com/Desktop/RebaseCodeCamp/month_7/node_projects/appointment-backend-api/routes/auth.js:10:23
      at ModuleJob.run (node:internal/modules/esm/module_job:271:25)
      at async onImport.tracePromise.__proto__ (node:internal/modules/esm/loader:547:26)
      at async asyncRunEntryPointWithESMLoader (node:internal/modules/run_main:98:5),
  level: 'error',
  message: 'uncaughtException: loginValidator is not defined\n' +
    'ReferenceError: loginValidator is not defined\n' +
    '    at file:///home/com/Desktop/RebaseCodeCamp/month_7/node_projects/appointment-backend-api/routes/auth.js:10:23\n' +
    '    at ModuleJob.run (node:internal/modules/esm/module_job:271:25)\n' +
    '    at async onImport.tracePromise.__proto__ (node:internal/modules/esm/loader:547:26)\n' +
    '    at async asyncRunEntryPointWithESMLoader (node:internal/modules/run_main:98:5)',
  stack: 'ReferenceError: loginValidator is not defined\n' +
    '    at file:///home/com/Desktop/RebaseCodeCamp/month_7/node_projects/appointment-backend-api/routes/auth.js:10:23\n' +
    '    at ModuleJob.run (node:internal/modules/esm/module_job:271:25)\n' +
    '    at async onImport.tracePromise.__proto__ (node:internal/modules/esm/loader:547:26)\n' +
    '    at async asyncRunEntryPointWithESMLoader (node:internal/modules/run_main:98:5)',
  exception: true,
  date: 'Thu Apr 24 2025 15:31:20 GMT+0100 (West Africa Standard Time)',
  process: {
    pid: 140968,
    uid: 1000,
    gid: 1000,
    cwd: '/home/com/Desktop/RebaseCodeCamp/month_7/node_projects/appointment-backend-api',
    execPath: '/home/com/.nvm/versions/node/v23.4.0/bin/node',
    version: 'v23.4.0',
    argv: [
      '/home/com/.nvm/versions/node/v23.4.0/bin/node',
      '/home/com/Desktop/RebaseCodeCamp/month_7/node_projects/appointment-backend-api/bin/www'
    ],
    memoryUsage: {
      rss: 84660224,
      heapTotal: 23838720,
      heapUsed: 17275048,
      external: 3444635,
      arrayBuffers: 75172
    }
  },
  os: { loadavg: [ 2.92, 1.88, 1.92 ], uptime: 248968.78 },
  trace: [
    {
      column: 23,
      file: 'file:///home/com/Desktop/RebaseCodeCamp/month_7/node_projects/appointment-backend-api/routes/auth.js',
      function: null,
      line: 10,
      method: null,
      native: false
    },
    {
      column: 25,
      file: 'node:internal/modules/esm/module_job',
      function: 'ModuleJob.run',
      line: 271,
      method: 'run',
      native: false
    },
    {
      column: 26,
      file: 'node:internal/modules/esm/loader',
      function: 'async onImport.tracePromise.__proto__',
      line: 547,
      method: '__proto__',
      native: false
    },
    {
      column: 5,
      file: 'node:internal/modules/run_main',
      function: 'async asyncRunEntryPointWithESMLoader',
      line: 98,
      method: null,
      native: false
    }
  ],
  timestamp: '2025-04-24 15:31:20'
}
{
  error: TypeError: argument handler is required
      at Route.<computed> [as delete] (/home/com/Desktop/RebaseCodeCamp/month_7/node_projects/appointment-backend-api/node_modules/router/lib/route.js:221:13)
      at Router.<computed> [as delete] (/home/com/Desktop/RebaseCodeCamp/month_7/node_projects/appointment-backend-api/node_modules/router/index.js:448:19)
      at file:///home/com/Desktop/RebaseCodeCamp/month_7/node_projects/appointment-backend-api/routes/timeslots.js:11:14
      at ModuleJob.run (node:internal/modules/esm/module_job:271:25)
      at async onImport.tracePromise.__proto__ (node:internal/modules/esm/loader:547:26)
      at async asyncRunEntryPointWithESMLoader (node:internal/modules/run_main:98:5),
  level: 'error',
  message: 'uncaughtException: argument handler is required\n' +
    'TypeError: argument handler is required\n' +
    '    at Route.<computed> [as delete] (/home/com/Desktop/RebaseCodeCamp/month_7/node_projects/appointment-backend-api/node_modules/router/lib/route.js:221:13)\n' +
    '    at Router.<computed> [as delete] (/home/com/Desktop/RebaseCodeCamp/month_7/node_projects/appointment-backend-api/node_modules/router/index.js:448:19)\n' +
    '    at file:///home/com/Desktop/RebaseCodeCamp/month_7/node_projects/appointment-backend-api/routes/timeslots.js:11:14\n' +
    '    at ModuleJob.run (node:internal/modules/esm/module_job:271:25)\n' +
    '    at async onImport.tracePromise.__proto__ (node:internal/modules/esm/loader:547:26)\n' +
    '    at async asyncRunEntryPointWithESMLoader (node:internal/modules/run_main:98:5)',
  stack: 'TypeError: argument handler is required\n' +
    '    at Route.<computed> [as delete] (/home/com/Desktop/RebaseCodeCamp/month_7/node_projects/appointment-backend-api/node_modules/router/lib/route.js:221:13)\n' +
    '    at Router.<computed> [as delete] (/home/com/Desktop/RebaseCodeCamp/month_7/node_projects/appointment-backend-api/node_modules/router/index.js:448:19)\n' +
    '    at file:///home/com/Desktop/RebaseCodeCamp/month_7/node_projects/appointment-backend-api/routes/timeslots.js:11:14\n' +
    '    at ModuleJob.run (node:internal/modules/esm/module_job:271:25)\n' +
    '    at async onImport.tracePromise.__proto__ (node:internal/modules/esm/loader:547:26)\n' +
    '    at async asyncRunEntryPointWithESMLoader (node:internal/modules/run_main:98:5)',
  exception: true,
  date: 'Fri Apr 25 2025 09:59:15 GMT+0100 (West Africa Standard Time)',
  process: {
    pid: 182400,
    uid: 1000,
    gid: 1000,
    cwd: '/home/com/Desktop/RebaseCodeCamp/month_7/node_projects/appointment-backend-api',
    execPath: '/home/com/.nvm/versions/node/v23.4.0/bin/node',
    version: 'v23.4.0',
    argv: [
      '/home/com/.nvm/versions/node/v23.4.0/bin/node',
      '/home/com/Desktop/RebaseCodeCamp/month_7/node_projects/appointment-backend-api/bin/www'
    ],
    memoryUsage: {
      rss: 88956928,
      heapTotal: 34062336,
      heapUsed: 18397256,
      external: 3563297,
      arrayBuffers: 77710
    }
  },
  os: { loadavg: [ 1.68, 1.51, 1.33 ], uptime: 315443.03 },
  trace: [
    {
      column: 13,
      file: '/home/com/Desktop/RebaseCodeCamp/month_7/node_projects/appointment-backend-api/node_modules/router/lib/route.js',
      function: 'Route.<computed> [as delete]',
      line: 221,
      method: '<computed> [as delete]',
      native: false
    },
    {
      column: 19,
      file: '/home/com/Desktop/RebaseCodeCamp/month_7/node_projects/appointment-backend-api/node_modules/router/index.js',
      function: 'Router.<computed> [as delete]',
      line: 448,
      method: '<computed> [as delete]',
      native: false
    },
    {
      column: 14,
      file: 'file:///home/com/Desktop/RebaseCodeCamp/month_7/node_projects/appointment-backend-api/routes/timeslots.js',
      function: null,
      line: 11,
      method: null,
      native: false
    },
    {
      column: 25,
      file: 'node:internal/modules/esm/module_job',
      function: 'ModuleJob.run',
      line: 271,
      method: 'run',
      native: false
    },
    {
      column: 26,
      file: 'node:internal/modules/esm/loader',
      function: 'async onImport.tracePromise.__proto__',
      line: 547,
      method: '__proto__',
      native: false
    },
    {
      column: 5,
      file: 'node:internal/modules/run_main',
      function: 'async asyncRunEntryPointWithESMLoader',
      line: 98,
      method: null,
      native: false
    }
  ],
  timestamp: '2025-04-25 09:59:15'
}
{
  error: TypeError: argument handler is required
      at Route.<computed> [as put] (/home/com/Desktop/RebaseCodeCamp/month_7/node_projects/appointment-backend-api/node_modules/router/lib/route.js:221:13)
      at Router.<computed> [as put] (/home/com/Desktop/RebaseCodeCamp/month_7/node_projects/appointment-backend-api/node_modules/router/index.js:448:19)
      at file:///home/com/Desktop/RebaseCodeCamp/month_7/node_projects/appointment-backend-api/routes/timeslots.js:12:8
      at ModuleJob.run (node:internal/modules/esm/module_job:271:25)
      at async onImport.tracePromise.__proto__ (node:internal/modules/esm/loader:547:26)
      at async asyncRunEntryPointWithESMLoader (node:internal/modules/run_main:98:5),
  level: 'error',
  message: 'uncaughtException: argument handler is required\n' +
    'TypeError: argument handler is required\n' +
    '    at Route.<computed> [as put] (/home/com/Desktop/RebaseCodeCamp/month_7/node_projects/appointment-backend-api/node_modules/router/lib/route.js:221:13)\n' +
    '    at Router.<computed> [as put] (/home/com/Desktop/RebaseCodeCamp/month_7/node_projects/appointment-backend-api/node_modules/router/index.js:448:19)\n' +
    '    at file:///home/com/Desktop/RebaseCodeCamp/month_7/node_projects/appointment-backend-api/routes/timeslots.js:12:8\n' +
    '    at ModuleJob.run (node:internal/modules/esm/module_job:271:25)\n' +
    '    at async onImport.tracePromise.__proto__ (node:internal/modules/esm/loader:547:26)\n' +
    '    at async asyncRunEntryPointWithESMLoader (node:internal/modules/run_main:98:5)',
  stack: 'TypeError: argument handler is required\n' +
    '    at Route.<computed> [as put] (/home/com/Desktop/RebaseCodeCamp/month_7/node_projects/appointment-backend-api/node_modules/router/lib/route.js:221:13)\n' +
    '    at Router.<computed> [as put] (/home/com/Desktop/RebaseCodeCamp/month_7/node_projects/appointment-backend-api/node_modules/router/index.js:448:19)\n' +
    '    at file:///home/com/Desktop/RebaseCodeCamp/month_7/node_projects/appointment-backend-api/routes/timeslots.js:12:8\n' +
    '    at ModuleJob.run (node:internal/modules/esm/module_job:271:25)\n' +
    '    at async onImport.tracePromise.__proto__ (node:internal/modules/esm/loader:547:26)\n' +
    '    at async asyncRunEntryPointWithESMLoader (node:internal/modules/run_main:98:5)',
  exception: true,
  date: 'Fri Apr 25 2025 13:11:15 GMT+0100 (West Africa Standard Time)',
  process: {
    pid: 198046,
    uid: 1000,
    gid: 1000,
    cwd: '/home/com/Desktop/RebaseCodeCamp/month_7/node_projects/appointment-backend-api',
    execPath: '/home/com/.nvm/versions/node/v23.4.0/bin/node',
    version: 'v23.4.0',
    argv: [
      '/home/com/.nvm/versions/node/v23.4.0/bin/node',
      '/home/com/Desktop/RebaseCodeCamp/month_7/node_projects/appointment-backend-api/bin/www'
    ],
    memoryUsage: {
      rss: 89784320,
      heapTotal: 34062336,
      heapUsed: 18400352,
      external: 3564031,
      arrayBuffers: 78444
    }
  },
  os: { loadavg: [ 2.53, 1.81, 1.37 ], uptime: 326961.31 },
  trace: [
    {
      column: 13,
      file: '/home/com/Desktop/RebaseCodeCamp/month_7/node_projects/appointment-backend-api/node_modules/router/lib/route.js',
      function: 'Route.<computed> [as put]',
      line: 221,
      method: '<computed> [as put]',
      native: false
    },
    {
      column: 19,
      file: '/home/com/Desktop/RebaseCodeCamp/month_7/node_projects/appointment-backend-api/node_modules/router/index.js',
      function: 'Router.<computed> [as put]',
      line: 448,
      method: '<computed> [as put]',
      native: false
    },
    {
      column: 8,
      file: 'file:///home/com/Desktop/RebaseCodeCamp/month_7/node_projects/appointment-backend-api/routes/timeslots.js',
      function: null,
      line: 12,
      method: null,
      native: false
    },
    {
      column: 25,
      file: 'node:internal/modules/esm/module_job',
      function: 'ModuleJob.run',
      line: 271,
      method: 'run',
      native: false
    },
    {
      column: 26,
      file: 'node:internal/modules/esm/loader',
      function: 'async onImport.tracePromise.__proto__',
      line: 547,
      method: '__proto__',
      native: false
    },
    {
      column: 5,
      file: 'node:internal/modules/run_main',
      function: 'async asyncRunEntryPointWithESMLoader',
      line: 98,
      method: null,
      native: false
    }
  ],
  timestamp: '2025-04-25 13:11:15'
}
